Fetching source index for http://rubygems.org/
/opt/bitnami/ruby/lib/ruby/site_ruby/1.9.1/rubygems/remote_fetcher.rb:239:in `rescue in fetch_path': Errno::EHOSTUNREACH: No route to host - connect(2) (http://rubygems.org/quick/Marshal.4.8/bcrypt-ruby-2.1.4-java.gemspec.rz) (Gem::RemoteFetcher::FetchError)
	from /opt/bitnami/ruby/lib/ruby/site_ruby/1.9.1/rubygems/remote_fetcher.rb:225:in `fetch_path'
	from /opt/bitnami/ruby/lib/ruby/site_ruby/1.9.1/rubygems/spec_fetcher.rb:121:in `fetch_spec'
	from /opt/bitnami/ruby/lib/ruby/gems/1.9.1/gems/bundler-1.0.15/lib/bundler/remote_specification.rb:47:in `_remote_specification'
	from /opt/bitnami/ruby/lib/ruby/gems/1.9.1/gems/bundler-1.0.15/lib/bundler/remote_specification.rb:53:in `method_missing'
	from /opt/bitnami/ruby/lib/ruby/gems/1.9.1/gems/bundler-1.0.15/lib/bundler/resolver.rb:101:in `block in __dependencies'
	from /opt/bitnami/ruby/lib/ruby/gems/1.9.1/gems/bundler-1.0.15/lib/bundler/resolver.rb:98:in `each'
	from /opt/bitnami/ruby/lib/ruby/gems/1.9.1/gems/bundler-1.0.15/lib/bundler/resolver.rb:98:in `__dependencies'
	from /opt/bitnami/ruby/lib/ruby/gems/1.9.1/gems/bundler-1.0.15/lib/bundler/resolver.rb:68:in `activate_platform'
	from /opt/bitnami/ruby/lib/ruby/gems/1.9.1/gems/bundler-1.0.15/lib/bundler/resolver.rb:325:in `resolve_requirement'
	from /opt/bitnami/ruby/lib/ruby/gems/1.9.1/gems/bundler-1.0.15/lib/bundler/resolver.rb:295:in `block in resolve'
	from /opt/bitnami/ruby/lib/ruby/gems/1.9.1/gems/bundler-1.0.15/lib/bundler/resolver.rb:294:in `reverse_each'
	from /opt/bitnami/ruby/lib/ruby/gems/1.9.1/gems/bundler-1.0.15/lib/bundler/resolver.rb:294:in `resolve'
	from /opt/bitnami/ruby/lib/ruby/gems/1.9.1/gems/bundler-1.0.15/lib/bundler/resolver.rb:215:in `resolve'
	from /opt/bitnami/ruby/lib/ruby/gems/1.9.1/gems/bundler-1.0.15/lib/bundler/resolver.rb:215:in `resolve'
	from /opt/bitnami/ruby/lib/ruby/gems/1.9.1/gems/bundler-1.0.15/lib/bundler/resolver.rb:344:in `block in resolve_requirement'
	from /opt/bitnami/ruby/lib/ruby/gems/1.9.1/gems/bundler-1.0.15/lib/bundler/resolver.rb:343:in `catch'
	from /opt/bitnami/ruby/lib/ruby/gems/1.9.1/gems/bundler-1.0.15/lib/bundler/resolver.rb:343:in `resolve_requirement'
	from /opt/bitnami/ruby/lib/ruby/gems/1.9.1/gems/bundler-1.0.15/lib/bundler/resolver.rb:295:in `block in resolve'
	from /opt/bitnami/ruby/lib/ruby/gems/1.9.1/gems/bundler-1.0.15/lib/bundler/resolver.rb:294:in `reverse_each'
	from /opt/bitnami/ruby/lib/ruby/gems/1.9.1/gems/bundler-1.0.15/lib/bundler/resolver.rb:294:in `resolve'
	from /opt/bitnami/ruby/lib/ruby/gems/1.9.1/gems/bundler-1.0.15/lib/bundler/resolver.rb:344:in `block in resolve_requirement'
	from /opt/bitnami/ruby/lib/ruby/gems/1.9.1/gems/bundler-1.0.15/lib/bundler/resolver.rb:343:in `catch'
	from /opt/bitnami/ruby/lib/ruby/gems/1.9.1/gems/bundler-1.0.15/lib/bundler/resolver.rb:343:in `resolve_requirement'
	from /opt/bitnami/ruby/lib/ruby/gems/1.9.1/gems/bundler-1.0.15/lib/bundler/resolver.rb:295:in `block in resolve'
	from /opt/bitnami/ruby/lib/ruby/gems/1.9.1/gems/bundler-1.0.15/lib/bundler/resolver.rb:294:in `reverse_each'
	from /opt/bitnami/ruby/lib/ruby/gems/1.9.1/gems/bundler-1.0.15/lib/bundler/resolver.rb:294:in `resolve'
	from /opt/bitnami/ruby/lib/ruby/gems/1.9.1/gems/bundler-1.0.15/lib/bundler/resolver.rb:215:in `resolve'
	from /opt/bitnami/ruby/lib/ruby/gems/1.9.1/gems/bundler-1.0.15/lib/bundler/resolver.rb:344:in `block in resolve_requirement'
	from /opt/bitnami/ruby/lib/ruby/gems/1.9.1/gems/bundler-1.0.15/lib/bundler/resolver.rb:343:in `catch'
	from /opt/bitnami/ruby/lib/ruby/gems/1.9.1/gems/bundler-1.0.15/lib/bundler/resolver.rb:343:in `resolve_requirement'
	from /opt/bitnami/ruby/lib/ruby/gems/1.9.1/gems/bundler-1.0.15/lib/bundler/resolver.rb:295:in `block in resolve'
	from /opt/bitnami/ruby/lib/ruby/gems/1.9.1/gems/bundler-1.0.15/lib/bundler/resolver.rb:294:in `reverse_each'
	from /opt/bitnami/ruby/lib/ruby/gems/1.9.1/gems/bundler-1.0.15/lib/bundler/resolver.rb:294:in `resolve'
	from /opt/bitnami/ruby/lib/ruby/gems/1.9.1/gems/bundler-1.0.15/lib/bundler/resolver.rb:215:in `resolve'
	from /opt/bitnami/ruby/lib/ruby/gems/1.9.1/gems/bundler-1.0.15/lib/bundler/resolver.rb:215:in `resolve'
	from /opt/bitnami/ruby/lib/ruby/gems/1.9.1/gems/bundler-1.0.15/lib/bundler/resolver.rb:215:in `resolve'
	from /opt/bitnami/ruby/lib/ruby/gems/1.9.1/gems/bundler-1.0.15/lib/bundler/resolver.rb:344:in `block in resolve_requirement'
	from /opt/bitnami/ruby/lib/ruby/gems/1.9.1/gems/bundler-1.0.15/lib/bundler/resolver.rb:343:in `catch'
	from /opt/bitnami/ruby/lib/ruby/gems/1.9.1/gems/bundler-1.0.15/lib/bundler/resolver.rb:343:in `resolve_requirement'
	from /opt/bitnami/ruby/lib/ruby/gems/1.9.1/gems/bundler-1.0.15/lib/bundler/resolver.rb:295:in `block in resolve'
	from /opt/bitnami/ruby/lib/ruby/gems/1.9.1/gems/bundler-1.0.15/lib/bundler/resolver.rb:294:in `reverse_each'
	from /opt/bitnami/ruby/lib/ruby/gems/1.9.1/gems/bundler-1.0.15/lib/bundler/resolver.rb:294:in `resolve'
	from /opt/bitnami/ruby/lib/ruby/gems/1.9.1/gems/bundler-1.0.15/lib/bundler/resolver.rb:215:in `resolve'
	from /opt/bitnami/ruby/lib/ruby/gems/1.9.1/gems/bundler-1.0.15/lib/bundler/resolver.rb:344:in `block in resolve_requirement'
	from /opt/bitnami/ruby/lib/ruby/gems/1.9.1/gems/bundler-1.0.15/lib/bundler/resolver.rb:343:in `catch'
	from /opt/bitnami/ruby/lib/ruby/gems/1.9.1/gems/bundler-1.0.15/lib/bundler/resolver.rb:343:in `resolve_requirement'
	from /opt/bitnami/ruby/lib/ruby/gems/1.9.1/gems/bundler-1.0.15/lib/bundler/resolver.rb:295:in `block in resolve'
	from /opt/bitnami/ruby/lib/ruby/gems/1.9.1/gems/bundler-1.0.15/lib/bundler/resolver.rb:294:in `reverse_each'
	from /opt/bitnami/ruby/lib/ruby/gems/1.9.1/gems/bundler-1.0.15/lib/bundler/resolver.rb:294:in `resolve'
	from /opt/bitnami/ruby/lib/ruby/gems/1.9.1/gems/bundler-1.0.15/lib/bundler/resolver.rb:344:in `block in resolve_requirement'
	from /opt/bitnami/ruby/lib/ruby/gems/1.9.1/gems/bundler-1.0.15/lib/bundler/resolver.rb:343:in `catch'
	from /opt/bitnami/ruby/lib/ruby/gems/1.9.1/gems/bundler-1.0.15/lib/bundler/resolver.rb:343:in `resolve_requirement'
	from /opt/bitnami/ruby/lib/ruby/gems/1.9.1/gems/bundler-1.0.15/lib/bundler/resolver.rb:295:in `block in resolve'
	from /opt/bitnami/ruby/lib/ruby/gems/1.9.1/gems/bundler-1.0.15/lib/bundler/resolver.rb:294:in `reverse_each'
	from /opt/bitnami/ruby/lib/ruby/gems/1.9.1/gems/bundler-1.0.15/lib/bundler/resolver.rb:294:in `resolve'
	from /opt/bitnami/ruby/lib/ruby/gems/1.9.1/gems/bundler-1.0.15/lib/bundler/resolver.rb:215:in `resolve'
	from /opt/bitnami/ruby/lib/ruby/gems/1.9.1/gems/bundler-1.0.15/lib/bundler/resolver.rb:344:in `block in resolve_requirement'
	from /opt/bitnami/ruby/lib/ruby/gems/1.9.1/gems/bundler-1.0.15/lib/bundler/resolver.rb:343:in `catch'
	from /opt/bitnami/ruby/lib/ruby/gems/1.9.1/gems/bundler-1.0.15/lib/bundler/resolver.rb:343:in `resolve_requirement'
	from /opt/bitnami/ruby/lib/ruby/gems/1.9.1/gems/bundler-1.0.15/lib/bundler/resolver.rb:295:in `block in resolve'
	from /opt/bitnami/ruby/lib/ruby/gems/1.9.1/gems/bundler-1.0.15/lib/bundler/resolver.rb:294:in `reverse_each'
	from /opt/bitnami/ruby/lib/ruby/gems/1.9.1/gems/bundler-1.0.15/lib/bundler/resolver.rb:294:in `resolve'
	from /opt/bitnami/ruby/lib/ruby/gems/1.9.1/gems/bundler-1.0.15/lib/bundler/resolver.rb:215:in `resolve'
	from /opt/bitnami/ruby/lib/ruby/gems/1.9.1/gems/bundler-1.0.15/lib/bundler/resolver.rb:344:in `block in resolve_requirement'
	from /opt/bitnami/ruby/lib/ruby/gems/1.9.1/gems/bundler-1.0.15/lib/bundler/resolver.rb:343:in `catch'
	from /opt/bitnami/ruby/lib/ruby/gems/1.9.1/gems/bundler-1.0.15/lib/bundler/resolver.rb:343:in `resolve_requirement'
	from /opt/bitnami/ruby/lib/ruby/gems/1.9.1/gems/bundler-1.0.15/lib/bundler/resolver.rb:295:in `block in resolve'
	from /opt/bitnami/ruby/lib/ruby/gems/1.9.1/gems/bundler-1.0.15/lib/bundler/resolver.rb:294:in `reverse_each'
	from /opt/bitnami/ruby/lib/ruby/gems/1.9.1/gems/bundler-1.0.15/lib/bundler/resolver.rb:294:in `resolve'
	from /opt/bitnami/ruby/lib/ruby/gems/1.9.1/gems/bundler-1.0.15/lib/bundler/resolver.rb:344:in `block in resolve_requirement'
	from /opt/bitnami/ruby/lib/ruby/gems/1.9.1/gems/bundler-1.0.15/lib/bundler/resolver.rb:343:in `catch'
	from /opt/bitnami/ruby/lib/ruby/gems/1.9.1/gems/bundler-1.0.15/lib/bundler/resolver.rb:343:in `resolve_requirement'
	from /opt/bitnami/ruby/lib/ruby/gems/1.9.1/gems/bundler-1.0.15/lib/bundler/resolver.rb:295:in `block in resolve'
	from /opt/bitnami/ruby/lib/ruby/gems/1.9.1/gems/bundler-1.0.15/lib/bundler/resolver.rb:294:in `reverse_each'
	from /opt/bitnami/ruby/lib/ruby/gems/1.9.1/gems/bundler-1.0.15/lib/bundler/resolver.rb:294:in `resolve'
	from /opt/bitnami/ruby/lib/ruby/gems/1.9.1/gems/bundler-1.0.15/lib/bundler/resolver.rb:344:in `block in resolve_requirement'
	from /opt/bitnami/ruby/lib/ruby/gems/1.9.1/gems/bundler-1.0.15/lib/bundler/resolver.rb:343:in `catch'
	from /opt/bitnami/ruby/lib/ruby/gems/1.9.1/gems/bundler-1.0.15/lib/bundler/resolver.rb:343:in `resolve_requirement'
	from /opt/bitnami/ruby/lib/ruby/gems/1.9.1/gems/bundler-1.0.15/lib/bundler/resolver.rb:295:in `block in resolve'
	from /opt/bitnami/ruby/lib/ruby/gems/1.9.1/gems/bundler-1.0.15/lib/bundler/resolver.rb:294:in `reverse_each'
	from /opt/bitnami/ruby/lib/ruby/gems/1.9.1/gems/bundler-1.0.15/lib/bundler/resolver.rb:294:in `resolve'
	from /opt/bitnami/ruby/lib/ruby/gems/1.9.1/gems/bundler-1.0.15/lib/bundler/resolver.rb:344:in `block in resolve_requirement'
	from /opt/bitnami/ruby/lib/ruby/gems/1.9.1/gems/bundler-1.0.15/lib/bundler/resolver.rb:343:in `catch'
	from /opt/bitnami/ruby/lib/ruby/gems/1.9.1/gems/bundler-1.0.15/lib/bundler/resolver.rb:343:in `resolve_requirement'
	from /opt/bitnami/ruby/lib/ruby/gems/1.9.1/gems/bundler-1.0.15/lib/bundler/resolver.rb:295:in `block in resolve'
	from /opt/bitnami/ruby/lib/ruby/gems/1.9.1/gems/bundler-1.0.15/lib/bundler/resolver.rb:294:in `reverse_each'
	from /opt/bitnami/ruby/lib/ruby/gems/1.9.1/gems/bundler-1.0.15/lib/bundler/resolver.rb:294:in `resolve'
	from /opt/bitnami/ruby/lib/ruby/gems/1.9.1/gems/bundler-1.0.15/lib/bundler/resolver.rb:215:in `resolve'
	from /opt/bitnami/ruby/lib/ruby/gems/1.9.1/gems/bundler-1.0.15/lib/bundler/resolver.rb:215:in `resolve'
	from /opt/bitnami/ruby/lib/ruby/gems/1.9.1/gems/bundler-1.0.15/lib/bundler/resolver.rb:215:in `resolve'
	from /opt/bitnami/ruby/lib/ruby/gems/1.9.1/gems/bundler-1.0.15/lib/bundler/resolver.rb:215:in `resolve'
	from /opt/bitnami/ruby/lib/ruby/gems/1.9.1/gems/bundler-1.0.15/lib/bundler/resolver.rb:215:in `resolve'
	from /opt/bitnami/ruby/lib/ruby/gems/1.9.1/gems/bundler-1.0.15/lib/bundler/resolver.rb:215:in `resolve'
	from /opt/bitnami/ruby/lib/ruby/gems/1.9.1/gems/bundler-1.0.15/lib/bundler/resolver.rb:344:in `block in resolve_requirement'
	from /opt/bitnami/ruby/lib/ruby/gems/1.9.1/gems/bundler-1.0.15/lib/bundler/resolver.rb:343:in `catch'
	from /opt/bitnami/ruby/lib/ruby/gems/1.9.1/gems/bundler-1.0.15/lib/bundler/resolver.rb:343:in `resolve_requirement'
	from /opt/bitnami/ruby/lib/ruby/gems/1.9.1/gems/bundler-1.0.15/lib/bundler/resolver.rb:295:in `block in resolve'
	from /opt/bitnami/ruby/lib/ruby/gems/1.9.1/gems/bundler-1.0.15/lib/bundler/resolver.rb:294:in `reverse_each'
	from /opt/bitnami/ruby/lib/ruby/gems/1.9.1/gems/bundler-1.0.15/lib/bundler/resolver.rb:294:in `resolve'
	from /opt/bitnami/ruby/lib/ruby/gems/1.9.1/gems/bundler-1.0.15/lib/bundler/resolver.rb:215:in `resolve'
	from /opt/bitnami/ruby/lib/ruby/gems/1.9.1/gems/bundler-1.0.15/lib/bundler/resolver.rb:215:in `resolve'
	from /opt/bitnami/ruby/lib/ruby/gems/1.9.1/gems/bundler-1.0.15/lib/bundler/resolver.rb:344:in `block in resolve_requirement'
	from /opt/bitnami/ruby/lib/ruby/gems/1.9.1/gems/bundler-1.0.15/lib/bundler/resolver.rb:343:in `catch'
	from /opt/bitnami/ruby/lib/ruby/gems/1.9.1/gems/bundler-1.0.15/lib/bundler/resolver.rb:343:in `resolve_requirement'
	from /opt/bitnami/ruby/lib/ruby/gems/1.9.1/gems/bundler-1.0.15/lib/bundler/resolver.rb:295:in `block in resolve'
	from /opt/bitnami/ruby/lib/ruby/gems/1.9.1/gems/bundler-1.0.15/lib/bundler/resolver.rb:294:in `reverse_each'
	from /opt/bitnami/ruby/lib/ruby/gems/1.9.1/gems/bundler-1.0.15/lib/bundler/resolver.rb:294:in `resolve'
	from /opt/bitnami/ruby/lib/ruby/gems/1.9.1/gems/bundler-1.0.15/lib/bundler/resolver.rb:344:in `block in resolve_requirement'
	from /opt/bitnami/ruby/lib/ruby/gems/1.9.1/gems/bundler-1.0.15/lib/bundler/resolver.rb:343:in `catch'
	from /opt/bitnami/ruby/lib/ruby/gems/1.9.1/gems/bundler-1.0.15/lib/bundler/resolver.rb:343:in `resolve_requirement'
	from /opt/bitnami/ruby/lib/ruby/gems/1.9.1/gems/bundler-1.0.15/lib/bundler/resolver.rb:295:in `block in resolve'
	from /opt/bitnami/ruby/lib/ruby/gems/1.9.1/gems/bundler-1.0.15/lib/bundler/resolver.rb:294:in `reverse_each'
	from /opt/bitnami/ruby/lib/ruby/gems/1.9.1/gems/bundler-1.0.15/lib/bundler/resolver.rb:294:in `resolve'
	from /opt/bitnami/ruby/lib/ruby/gems/1.9.1/gems/bundler-1.0.15/lib/bundler/resolver.rb:215:in `resolve'
	from /opt/bitnami/ruby/lib/ruby/gems/1.9.1/gems/bundler-1.0.15/lib/bundler/resolver.rb:215:in `resolve'
	from /opt/bitnami/ruby/lib/ruby/gems/1.9.1/gems/bundler-1.0.15/lib/bundler/resolver.rb:215:in `resolve'
	from /opt/bitnami/ruby/lib/ruby/gems/1.9.1/gems/bundler-1.0.15/lib/bundler/resolver.rb:344:in `block in resolve_requirement'
	from /opt/bitnami/ruby/lib/ruby/gems/1.9.1/gems/bundler-1.0.15/lib/bundler/resolver.rb:343:in `catch'
	from /opt/bitnami/ruby/lib/ruby/gems/1.9.1/gems/bundler-1.0.15/lib/bundler/resolver.rb:343:in `resolve_requirement'
	from /opt/bitnami/ruby/lib/ruby/gems/1.9.1/gems/bundler-1.0.15/lib/bundler/resolver.rb:295:in `block in resolve'
	from /opt/bitnami/ruby/lib/ruby/gems/1.9.1/gems/bundler-1.0.15/lib/bundler/resolver.rb:294:in `reverse_each'
	from /opt/bitnami/ruby/lib/ruby/gems/1.9.1/gems/bundler-1.0.15/lib/bundler/resolver.rb:294:in `resolve'
	from /opt/bitnami/ruby/lib/ruby/gems/1.9.1/gems/bundler-1.0.15/lib/bundler/resolver.rb:344:in `block in resolve_requirement'
	from /opt/bitnami/ruby/lib/ruby/gems/1.9.1/gems/bundler-1.0.15/lib/bundler/resolver.rb:343:in `catch'
	from /opt/bitnami/ruby/lib/ruby/gems/1.9.1/gems/bundler-1.0.15/lib/bundler/resolver.rb:343:in `resolve_requirement'
	from /opt/bitnami/ruby/lib/ruby/gems/1.9.1/gems/bundler-1.0.15/lib/bundler/resolver.rb:295:in `block in resolve'
	from /opt/bitnami/ruby/lib/ruby/gems/1.9.1/gems/bundler-1.0.15/lib/bundler/resolver.rb:294:in `reverse_each'
	from /opt/bitnami/ruby/lib/ruby/gems/1.9.1/gems/bundler-1.0.15/lib/bundler/resolver.rb:294:in `resolve'
	from /opt/bitnami/ruby/lib/ruby/gems/1.9.1/gems/bundler-1.0.15/lib/bundler/resolver.rb:215:in `resolve'
	from /opt/bitnami/ruby/lib/ruby/gems/1.9.1/gems/bundler-1.0.15/lib/bundler/resolver.rb:215:in `resolve'
	from /opt/bitnami/ruby/lib/ruby/gems/1.9.1/gems/bundler-1.0.15/lib/bundler/resolver.rb:344:in `block in resolve_requirement'
	from /opt/bitnami/ruby/lib/ruby/gems/1.9.1/gems/bundler-1.0.15/lib/bundler/resolver.rb:343:in `catch'
	from /opt/bitnami/ruby/lib/ruby/gems/1.9.1/gems/bundler-1.0.15/lib/bundler/resolver.rb:343:in `resolve_requirement'
	from /opt/bitnami/ruby/lib/ruby/gems/1.9.1/gems/bundler-1.0.15/lib/bundler/resolver.rb:295:in `block in resolve'
	from /opt/bitnami/ruby/lib/ruby/gems/1.9.1/gems/bundler-1.0.15/lib/bundler/resolver.rb:294:in `reverse_each'
	from /opt/bitnami/ruby/lib/ruby/gems/1.9.1/gems/bundler-1.0.15/lib/bundler/resolver.rb:294:in `resolve'
	from /opt/bitnami/ruby/lib/ruby/gems/1.9.1/gems/bundler-1.0.15/lib/bundler/resolver.rb:215:in `resolve'
	from /opt/bitnami/ruby/lib/ruby/gems/1.9.1/gems/bundler-1.0.15/lib/bundler/resolver.rb:344:in `block in resolve_requirement'
	from /opt/bitnami/ruby/lib/ruby/gems/1.9.1/gems/bundler-1.0.15/lib/bundler/resolver.rb:343:in `catch'
	from /opt/bitnami/ruby/lib/ruby/gems/1.9.1/gems/bundler-1.0.15/lib/bundler/resolver.rb:343:in `resolve_requirement'
	from /opt/bitnami/ruby/lib/ruby/gems/1.9.1/gems/bundler-1.0.15/lib/bundler/resolver.rb:295:in `block in resolve'
	from /opt/bitnami/ruby/lib/ruby/gems/1.9.1/gems/bundler-1.0.15/lib/bundler/resolver.rb:294:in `reverse_each'
	from /opt/bitnami/ruby/lib/ruby/gems/1.9.1/gems/bundler-1.0.15/lib/bundler/resolver.rb:294:in `resolve'
	from /opt/bitnami/ruby/lib/ruby/gems/1.9.1/gems/bundler-1.0.15/lib/bundler/resolver.rb:215:in `resolve'
	from /opt/bitnami/ruby/lib/ruby/gems/1.9.1/gems/bundler-1.0.15/lib/bundler/resolver.rb:344:in `block in resolve_requirement'
	from /opt/bitnami/ruby/lib/ruby/gems/1.9.1/gems/bundler-1.0.15/lib/bundler/resolver.rb:343:in `catch'
	from /opt/bitnami/ruby/lib/ruby/gems/1.9.1/gems/bundler-1.0.15/lib/bundler/resolver.rb:343:in `resolve_requirement'
	from /opt/bitnami/ruby/lib/ruby/gems/1.9.1/gems/bundler-1.0.15/lib/bundler/resolver.rb:295:in `block in resolve'
	from /opt/bitnami/ruby/lib/ruby/gems/1.9.1/gems/bundler-1.0.15/lib/bundler/resolver.rb:294:in `reverse_each'
	from /opt/bitnami/ruby/lib/ruby/gems/1.9.1/gems/bundler-1.0.15/lib/bundler/resolver.rb:294:in `resolve'
	from /opt/bitnami/ruby/lib/ruby/gems/1.9.1/gems/bundler-1.0.15/lib/bundler/resolver.rb:215:in `resolve'
	from /opt/bitnami/ruby/lib/ruby/gems/1.9.1/gems/bundler-1.0.15/lib/bundler/resolver.rb:215:in `resolve'
	from /opt/bitnami/ruby/lib/ruby/gems/1.9.1/gems/bundler-1.0.15/lib/bundler/resolver.rb:215:in `resolve'
	from /opt/bitnami/ruby/lib/ruby/gems/1.9.1/gems/bundler-1.0.15/lib/bundler/resolver.rb:215:in `resolve'
	from /opt/bitnami/ruby/lib/ruby/gems/1.9.1/gems/bundler-1.0.15/lib/bundler/resolver.rb:215:in `resolve'
	from /opt/bitnami/ruby/lib/ruby/gems/1.9.1/gems/bundler-1.0.15/lib/bundler/resolver.rb:215:in `resolve'
	from /opt/bitnami/ruby/lib/ruby/gems/1.9.1/gems/bundler-1.0.15/lib/bundler/resolver.rb:344:in `block in resolve_requirement'
	from /opt/bitnami/ruby/lib/ruby/gems/1.9.1/gems/bundler-1.0.15/lib/bundler/resolver.rb:343:in `catch'
	from /opt/bitnami/ruby/lib/ruby/gems/1.9.1/gems/bundler-1.0.15/lib/bundler/resolver.rb:343:in `resolve_requirement'
	from /opt/bitnami/ruby/lib/ruby/gems/1.9.1/gems/bundler-1.0.15/lib/bundler/resolver.rb:295:in `block in resolve'
	from /opt/bitnami/ruby/lib/ruby/gems/1.9.1/gems/bundler-1.0.15/lib/bundler/resolver.rb:294:in `reverse_each'
	from /opt/bitnami/ruby/lib/ruby/gems/1.9.1/gems/bundler-1.0.15/lib/bundler/resolver.rb:294:in `resolve'
	from /opt/bitnami/ruby/lib/ruby/gems/1.9.1/gems/bundler-1.0.15/lib/bundler/resolver.rb:344:in `block in resolve_requirement'
	from /opt/bitnami/ruby/lib/ruby/gems/1.9.1/gems/bundler-1.0.15/lib/bundler/resolver.rb:343:in `catch'
	from /opt/bitnami/ruby/lib/ruby/gems/1.9.1/gems/bundler-1.0.15/lib/bundler/resolver.rb:343:in `resolve_requirement'
	from /opt/bitnami/ruby/lib/ruby/gems/1.9.1/gems/bundler-1.0.15/lib/bundler/resolver.rb:295:in `block in resolve'
	from /opt/bitnami/ruby/lib/ruby/gems/1.9.1/gems/bundler-1.0.15/lib/bundler/resolver.rb:294:in `reverse_each'
	from /opt/bitnami/ruby/lib/ruby/gems/1.9.1/gems/bundler-1.0.15/lib/bundler/resolver.rb:294:in `resolve'
	from /opt/bitnami/ruby/lib/ruby/gems/1.9.1/gems/bundler-1.0.15/lib/bundler/resolver.rb:215:in `resolve'
	from /opt/bitnami/ruby/lib/ruby/gems/1.9.1/gems/bundler-1.0.15/lib/bundler/resolver.rb:344:in `block in resolve_requirement'
	from /opt/bitnami/ruby/lib/ruby/gems/1.9.1/gems/bundler-1.0.15/lib/bundler/resolver.rb:343:in `catch'
	from /opt/bitnami/ruby/lib/ruby/gems/1.9.1/gems/bundler-1.0.15/lib/bundler/resolver.rb:343:in `resolve_requirement'
	from /opt/bitnami/ruby/lib/ruby/gems/1.9.1/gems/bundler-1.0.15/lib/bundler/resolver.rb:295:in `block in resolve'
	from /opt/bitnami/ruby/lib/ruby/gems/1.9.1/gems/bundler-1.0.15/lib/bundler/resolver.rb:294:in `reverse_each'
	from /opt/bitnami/ruby/lib/ruby/gems/1.9.1/gems/bundler-1.0.15/lib/bundler/resolver.rb:294:in `resolve'
	from /opt/bitnami/ruby/lib/ruby/gems/1.9.1/gems/bundler-1.0.15/lib/bundler/resolver.rb:215:in `resolve'
	from /opt/bitnami/ruby/lib/ruby/gems/1.9.1/gems/bundler-1.0.15/lib/bundler/resolver.rb:344:in `block in resolve_requirement'
	from /opt/bitnami/ruby/lib/ruby/gems/1.9.1/gems/bundler-1.0.15/lib/bundler/resolver.rb:343:in `catch'
	from /opt/bitnami/ruby/lib/ruby/gems/1.9.1/gems/bundler-1.0.15/lib/bundler/resolver.rb:343:in `resolve_requirement'
	from /opt/bitnami/ruby/lib/ruby/gems/1.9.1/gems/bundler-1.0.15/lib/bundler/resolver.rb:295:in `block in resolve'
	from /opt/bitnami/ruby/lib/ruby/gems/1.9.1/gems/bundler-1.0.15/lib/bundler/resolver.rb:294:in `reverse_each'
	from /opt/bitnami/ruby/lib/ruby/gems/1.9.1/gems/bundler-1.0.15/lib/bundler/resolver.rb:294:in `resolve'
	from /opt/bitnami/ruby/lib/ruby/gems/1.9.1/gems/bundler-1.0.15/lib/bundler/resolver.rb:344:in `block in resolve_requirement'
	from /opt/bitnami/ruby/lib/ruby/gems/1.9.1/gems/bundler-1.0.15/lib/bundler/resolver.rb:343:in `catch'
	from /opt/bitnami/ruby/lib/ruby/gems/1.9.1/gems/bundler-1.0.15/lib/bundler/resolver.rb:343:in `resolve_requirement'
	from /opt/bitnami/ruby/lib/ruby/gems/1.9.1/gems/bundler-1.0.15/lib/bundler/resolver.rb:295:in `block in resolve'
	from /opt/bitnami/ruby/lib/ruby/gems/1.9.1/gems/bundler-1.0.15/lib/bundler/resolver.rb:294:in `reverse_each'
	from /opt/bitnami/ruby/lib/ruby/gems/1.9.1/gems/bundler-1.0.15/lib/bundler/resolver.rb:294:in `resolve'
	from /opt/bitnami/ruby/lib/ruby/gems/1.9.1/gems/bundler-1.0.15/lib/bundler/resolver.rb:344:in `block in resolve_requirement'
	from /opt/bitnami/ruby/lib/ruby/gems/1.9.1/gems/bundler-1.0.15/lib/bundler/resolver.rb:343:in `catch'
	from /opt/bitnami/ruby/lib/ruby/gems/1.9.1/gems/bundler-1.0.15/lib/bundler/resolver.rb:343:in `resolve_requirement'
	from /opt/bitnami/ruby/lib/ruby/gems/1.9.1/gems/bundler-1.0.15/lib/bundler/resolver.rb:295:in `block in resolve'
	from /opt/bitnami/ruby/lib/ruby/gems/1.9.1/gems/bundler-1.0.15/lib/bundler/resolver.rb:294:in `reverse_each'
	from /opt/bitnami/ruby/lib/ruby/gems/1.9.1/gems/bundler-1.0.15/lib/bundler/resolver.rb:294:in `resolve'
	from /opt/bitnami/ruby/lib/ruby/gems/1.9.1/gems/bundler-1.0.15/lib/bundler/resolver.rb:344:in `block in resolve_requirement'
	from /opt/bitnami/ruby/lib/ruby/gems/1.9.1/gems/bundler-1.0.15/lib/bundler/resolver.rb:343:in `catch'
	from /opt/bitnami/ruby/lib/ruby/gems/1.9.1/gems/bundler-1.0.15/lib/bundler/resolver.rb:343:in `resolve_requirement'
	from /opt/bitnami/ruby/lib/ruby/gems/1.9.1/gems/bundler-1.0.15/lib/bundler/resolver.rb:295:in `block in resolve'
	from /opt/bitnami/ruby/lib/ruby/gems/1.9.1/gems/bundler-1.0.15/lib/bundler/resolver.rb:294:in `reverse_each'
	from /opt/bitnami/ruby/lib/ruby/gems/1.9.1/gems/bundler-1.0.15/lib/bundler/resolver.rb:294:in `resolve'
	from /opt/bitnami/ruby/lib/ruby/gems/1.9.1/gems/bundler-1.0.15/lib/bundler/resolver.rb:215:in `resolve'
	from /opt/bitnami/ruby/lib/ruby/gems/1.9.1/gems/bundler-1.0.15/lib/bundler/resolver.rb:344:in `block in resolve_requirement'
	from /opt/bitnami/ruby/lib/ruby/gems/1.9.1/gems/bundler-1.0.15/lib/bundler/resolver.rb:343:in `catch'
	from /opt/bitnami/ruby/lib/ruby/gems/1.9.1/gems/bundler-1.0.15/lib/bundler/resolver.rb:343:in `resolve_requirement'
	from /opt/bitnami/ruby/lib/ruby/gems/1.9.1/gems/bundler-1.0.15/lib/bundler/resolver.rb:295:in `block in resolve'
	from /opt/bitnami/ruby/lib/ruby/gems/1.9.1/gems/bundler-1.0.15/lib/bundler/resolver.rb:294:in `reverse_each'
	from /opt/bitnami/ruby/lib/ruby/gems/1.9.1/gems/bundler-1.0.15/lib/bundler/resolver.rb:294:in `resolve'
	from /opt/bitnami/ruby/lib/ruby/gems/1.9.1/gems/bundler-1.0.15/lib/bundler/resolver.rb:344:in `block in resolve_requirement'
	from /opt/bitnami/ruby/lib/ruby/gems/1.9.1/gems/bundler-1.0.15/lib/bundler/resolver.rb:343:in `catch'
	from /opt/bitnami/ruby/lib/ruby/gems/1.9.1/gems/bundler-1.0.15/lib/bundler/resolver.rb:343:in `resolve_requirement'
	from /opt/bitnami/ruby/lib/ruby/gems/1.9.1/gems/bundler-1.0.15/lib/bundler/resolver.rb:295:in `block in resolve'
	from /opt/bitnami/ruby/lib/ruby/gems/1.9.1/gems/bundler-1.0.15/lib/bundler/resolver.rb:294:in `reverse_each'
	from /opt/bitnami/ruby/lib/ruby/gems/1.9.1/gems/bundler-1.0.15/lib/bundler/resolver.rb:294:in `resolve'
	from /opt/bitnami/ruby/lib/ruby/gems/1.9.1/gems/bundler-1.0.15/lib/bundler/resolver.rb:344:in `block in resolve_requirement'
	from /opt/bitnami/ruby/lib/ruby/gems/1.9.1/gems/bundler-1.0.15/lib/bundler/resolver.rb:343:in `catch'
	from /opt/bitnami/ruby/lib/ruby/gems/1.9.1/gems/bundler-1.0.15/lib/bundler/resolver.rb:343:in `resolve_requirement'
	from /opt/bitnami/ruby/lib/ruby/gems/1.9.1/gems/bundler-1.0.15/lib/bundler/resolver.rb:295:in `block in resolve'
	from /opt/bitnami/ruby/lib/ruby/gems/1.9.1/gems/bundler-1.0.15/lib/bundler/resolver.rb:294:in `reverse_each'
	from /opt/bitnami/ruby/lib/ruby/gems/1.9.1/gems/bundler-1.0.15/lib/bundler/resolver.rb:294:in `resolve'
	from /opt/bitnami/ruby/lib/ruby/gems/1.9.1/gems/bundler-1.0.15/lib/bundler/resolver.rb:344:in `block in resolve_requirement'
	from /opt/bitnami/ruby/lib/ruby/gems/1.9.1/gems/bundler-1.0.15/lib/bundler/resolver.rb:343:in `catch'
	from /opt/bitnami/ruby/lib/ruby/gems/1.9.1/gems/bundler-1.0.15/lib/bundler/resolver.rb:343:in `resolve_requirement'
	from /opt/bitnami/ruby/lib/ruby/gems/1.9.1/gems/bundler-1.0.15/lib/bundler/resolver.rb:295:in `block in resolve'
	from /opt/bitnami/ruby/lib/ruby/gems/1.9.1/gems/bundler-1.0.15/lib/bundler/resolver.rb:294:in `reverse_each'
	from /opt/bitnami/ruby/lib/ruby/gems/1.9.1/gems/bundler-1.0.15/lib/bundler/resolver.rb:294:in `resolve'
	from /opt/bitnami/ruby/lib/ruby/gems/1.9.1/gems/bundler-1.0.15/lib/bundler/resolver.rb:344:in `block in resolve_requirement'
	from /opt/bitnami/ruby/lib/ruby/gems/1.9.1/gems/bundler-1.0.15/lib/bundler/resolver.rb:343:in `catch'
	from /opt/bitnami/ruby/lib/ruby/gems/1.9.1/gems/bundler-1.0.15/lib/bundler/resolver.rb:343:in `resolve_requirement'
	from /opt/bitnami/ruby/lib/ruby/gems/1.9.1/gems/bundler-1.0.15/lib/bundler/resolver.rb:295:in `block in resolve'
	from /opt/bitnami/ruby/lib/ruby/gems/1.9.1/gems/bundler-1.0.15/lib/bundler/resolver.rb:294:in `reverse_each'
	from /opt/bitnami/ruby/lib/ruby/gems/1.9.1/gems/bundler-1.0.15/lib/bundler/resolver.rb:294:in `resolve'
	from /opt/bitnami/ruby/lib/ruby/gems/1.9.1/gems/bundler-1.0.15/lib/bundler/resolver.rb:215:in `resolve'
	from /opt/bitnami/ruby/lib/ruby/gems/1.9.1/gems/bundler-1.0.15/lib/bundler/resolver.rb:344:in `block in resolve_requirement'
	from /opt/bitnami/ruby/lib/ruby/gems/1.9.1/gems/bundler-1.0.15/lib/bundler/resolver.rb:343:in `catch'
	from /opt/bitnami/ruby/lib/ruby/gems/1.9.1/gems/bundler-1.0.15/lib/bundler/resolver.rb:343:in `resolve_requirement'
	from /opt/bitnami/ruby/lib/ruby/gems/1.9.1/gems/bundler-1.0.15/lib/bundler/resolver.rb:295:in `block in resolve'
	from /opt/bitnami/ruby/lib/ruby/gems/1.9.1/gems/bundler-1.0.15/lib/bundler/resolver.rb:294:in `reverse_each'
	from /opt/bitnami/ruby/lib/ruby/gems/1.9.1/gems/bundler-1.0.15/lib/bundler/resolver.rb:294:in `resolve'
	from /opt/bitnami/ruby/lib/ruby/gems/1.9.1/gems/bundler-1.0.15/lib/bundler/resolver.rb:215:in `resolve'
	from /opt/bitnami/ruby/lib/ruby/gems/1.9.1/gems/bundler-1.0.15/lib/bundler/resolver.rb:215:in `resolve'
	from /opt/bitnami/ruby/lib/ruby/gems/1.9.1/gems/bundler-1.0.15/lib/bundler/resolver.rb:215:in `resolve'
	from /opt/bitnami/ruby/lib/ruby/gems/1.9.1/gems/bundler-1.0.15/lib/bundler/resolver.rb:344:in `block in resolve_requirement'
	from /opt/bitnami/ruby/lib/ruby/gems/1.9.1/gems/bundler-1.0.15/lib/bundler/resolver.rb:343:in `catch'
	from /opt/bitnami/ruby/lib/ruby/gems/1.9.1/gems/bundler-1.0.15/lib/bundler/resolver.rb:343:in `resolve_requirement'
	from /opt/bitnami/ruby/lib/ruby/gems/1.9.1/gems/bundler-1.0.15/lib/bundler/resolver.rb:295:in `block in resolve'
	from /opt/bitnami/ruby/lib/ruby/gems/1.9.1/gems/bundler-1.0.15/lib/bundler/resolver.rb:294:in `reverse_each'
	from /opt/bitnami/ruby/lib/ruby/gems/1.9.1/gems/bundler-1.0.15/lib/bundler/resolver.rb:294:in `resolve'
	from /opt/bitnami/ruby/lib/ruby/gems/1.9.1/gems/bundler-1.0.15/lib/bundler/resolver.rb:215:in `resolve'
	from /opt/bitnami/ruby/lib/ruby/gems/1.9.1/gems/bundler-1.0.15/lib/bundler/resolver.rb:344:in `block in resolve_requirement'
	from /opt/bitnami/ruby/lib/ruby/gems/1.9.1/gems/bundler-1.0.15/lib/bundler/resolver.rb:343:in `catch'
	from /opt/bitnami/ruby/lib/ruby/gems/1.9.1/gems/bundler-1.0.15/lib/bundler/resolver.rb:343:in `resolve_requirement'
	from /opt/bitnami/ruby/lib/ruby/gems/1.9.1/gems/bundler-1.0.15/lib/bundler/resolver.rb:295:in `block in resolve'
	from /opt/bitnami/ruby/lib/ruby/gems/1.9.1/gems/bundler-1.0.15/lib/bundler/resolver.rb:294:in `reverse_each'
	from /opt/bitnami/ruby/lib/ruby/gems/1.9.1/gems/bundler-1.0.15/lib/bundler/resolver.rb:294:in `resolve'
	from /opt/bitnami/ruby/lib/ruby/gems/1.9.1/gems/bundler-1.0.15/lib/bundler/resolver.rb:344:in `block in resolve_requirement'
	from /opt/bitnami/ruby/lib/ruby/gems/1.9.1/gems/bundler-1.0.15/lib/bundler/resolver.rb:343:in `catch'
	from /opt/bitnami/ruby/lib/ruby/gems/1.9.1/gems/bundler-1.0.15/lib/bundler/resolver.rb:343:in `resolve_requirement'
	from /opt/bitnami/ruby/lib/ruby/gems/1.9.1/gems/bundler-1.0.15/lib/bundler/resolver.rb:295:in `block in resolve'
	from /opt/bitnami/ruby/lib/ruby/gems/1.9.1/gems/bundler-1.0.15/lib/bundler/resolver.rb:294:in `reverse_each'
	from /opt/bitnami/ruby/lib/ruby/gems/1.9.1/gems/bundler-1.0.15/lib/bundler/resolver.rb:294:in `resolve'
	from /opt/bitnami/ruby/lib/ruby/gems/1.9.1/gems/bundler-1.0.15/lib/bundler/resolver.rb:344:in `block in resolve_requirement'
	from /opt/bitnami/ruby/lib/ruby/gems/1.9.1/gems/bundler-1.0.15/lib/bundler/resolver.rb:343:in `catch'
	from /opt/bitnami/ruby/lib/ruby/gems/1.9.1/gems/bundler-1.0.15/lib/bundler/resolver.rb:343:in `resolve_requirement'
	from /opt/bitnami/ruby/lib/ruby/gems/1.9.1/gems/bundler-1.0.15/lib/bundler/resolver.rb:295:in `block in resolve'
	from /opt/bitnami/ruby/lib/ruby/gems/1.9.1/gems/bundler-1.0.15/lib/bundler/resolver.rb:294:in `reverse_each'
	from /opt/bitnami/ruby/lib/ruby/gems/1.9.1/gems/bundler-1.0.15/lib/bundler/resolver.rb:294:in `resolve'
	from /opt/bitnami/ruby/lib/ruby/gems/1.9.1/gems/bundler-1.0.15/lib/bundler/resolver.rb:344:in `block in resolve_requirement'
	from /opt/bitnami/ruby/lib/ruby/gems/1.9.1/gems/bundler-1.0.15/lib/bundler/resolver.rb:343:in `catch'
	from /opt/bitnami/ruby/lib/ruby/gems/1.9.1/gems/bundler-1.0.15/lib/bundler/resolver.rb:343:in `resolve_requirement'
	from /opt/bitnami/ruby/lib/ruby/gems/1.9.1/gems/bundler-1.0.15/lib/bundler/resolver.rb:295:in `block in resolve'
	from /opt/bitnami/ruby/lib/ruby/gems/1.9.1/gems/bundler-1.0.15/lib/bundler/resolver.rb:294:in `reverse_each'
	from /opt/bitnami/ruby/lib/ruby/gems/1.9.1/gems/bundler-1.0.15/lib/bundler/resolver.rb:294:in `resolve'
	from /opt/bitnami/ruby/lib/ruby/gems/1.9.1/gems/bundler-1.0.15/lib/bundler/resolver.rb:344:in `block in resolve_requirement'
	from /opt/bitnami/ruby/lib/ruby/gems/1.9.1/gems/bundler-1.0.15/lib/bundler/resolver.rb:343:in `catch'
	from /opt/bitnami/ruby/lib/ruby/gems/1.9.1/gems/bundler-1.0.15/lib/bundler/resolver.rb:343:in `resolve_requirement'
	from /opt/bitnami/ruby/lib/ruby/gems/1.9.1/gems/bundler-1.0.15/lib/bundler/resolver.rb:295:in `block in resolve'
	from /opt/bitnami/ruby/lib/ruby/gems/1.9.1/gems/bundler-1.0.15/lib/bundler/resolver.rb:294:in `reverse_each'
	from /opt/bitnami/ruby/lib/ruby/gems/1.9.1/gems/bundler-1.0.15/lib/bundler/resolver.rb:294:in `resolve'
	from /opt/bitnami/ruby/lib/ruby/gems/1.9.1/gems/bundler-1.0.15/lib/bundler/resolver.rb:344:in `block in resolve_requirement'
	from /opt/bitnami/ruby/lib/ruby/gems/1.9.1/gems/bundler-1.0.15/lib/bundler/resolver.rb:343:in `catch'
	from /opt/bitnami/ruby/lib/ruby/gems/1.9.1/gems/bundler-1.0.15/lib/bundler/resolver.rb:343:in `resolve_requirement'
	from /opt/bitnami/ruby/lib/ruby/gems/1.9.1/gems/bundler-1.0.15/lib/bundler/resolver.rb:295:in `block in resolve'
	from /opt/bitnami/ruby/lib/ruby/gems/1.9.1/gems/bundler-1.0.15/lib/bundler/resolver.rb:294:in `reverse_each'
	from /opt/bitnami/ruby/lib/ruby/gems/1.9.1/gems/bundler-1.0.15/lib/bundler/resolver.rb:294:in `resolve'
	from /opt/bitnami/ruby/lib/ruby/gems/1.9.1/gems/bundler-1.0.15/lib/bundler/resolver.rb:344:in `block in resolve_requirement'
	from /opt/bitnami/ruby/lib/ruby/gems/1.9.1/gems/bundler-1.0.15/lib/bundler/resolver.rb:343:in `catch'
	from /opt/bitnami/ruby/lib/ruby/gems/1.9.1/gems/bundler-1.0.15/lib/bundler/resolver.rb:343:in `resolve_requirement'
	from /opt/bitnami/ruby/lib/ruby/gems/1.9.1/gems/bundler-1.0.15/lib/bundler/resolver.rb:295:in `block in resolve'
	from /opt/bitnami/ruby/lib/ruby/gems/1.9.1/gems/bundler-1.0.15/lib/bundler/resolver.rb:294:in `reverse_each'
	from /opt/bitnami/ruby/lib/ruby/gems/1.9.1/gems/bundler-1.0.15/lib/bundler/resolver.rb:294:in `resolve'
	from /opt/bitnami/ruby/lib/ruby/gems/1.9.1/gems/bundler-1.0.15/lib/bundler/resolver.rb:344:in `block in resolve_requirement'
	from /opt/bitnami/ruby/lib/ruby/gems/1.9.1/gems/bundler-1.0.15/lib/bundler/resolver.rb:343:in `catch'
	from /opt/bitnami/ruby/lib/ruby/gems/1.9.1/gems/bundler-1.0.15/lib/bundler/resolver.rb:343:in `resolve_requirement'
	from /opt/bitnami/ruby/lib/ruby/gems/1.9.1/gems/bundler-1.0.15/lib/bundler/resolver.rb:295:in `block in resolve'
	from /opt/bitnami/ruby/lib/ruby/gems/1.9.1/gems/bundler-1.0.15/lib/bundler/resolver.rb:294:in `reverse_each'
	from /opt/bitnami/ruby/lib/ruby/gems/1.9.1/gems/bundler-1.0.15/lib/bundler/resolver.rb:294:in `resolve'
	from /opt/bitnami/ruby/lib/ruby/gems/1.9.1/gems/bundler-1.0.15/lib/bundler/resolver.rb:344:in `block in resolve_requirement'
	from /opt/bitnami/ruby/lib/ruby/gems/1.9.1/gems/bundler-1.0.15/lib/bundler/resolver.rb:343:in `catch'
	from /opt/bitnami/ruby/lib/ruby/gems/1.9.1/gems/bundler-1.0.15/lib/bundler/resolver.rb:343:in `resolve_requirement'
	from /opt/bitnami/ruby/lib/ruby/gems/1.9.1/gems/bundler-1.0.15/lib/bundler/resolver.rb:295:in `block in resolve'
	from /opt/bitnami/ruby/lib/ruby/gems/1.9.1/gems/bundler-1.0.15/lib/bundler/resolver.rb:294:in `reverse_each'
	from /opt/bitnami/ruby/lib/ruby/gems/1.9.1/gems/bundler-1.0.15/lib/bundler/resolver.rb:294:in `resolve'
	from /opt/bitnami/ruby/lib/ruby/gems/1.9.1/gems/bundler-1.0.15/lib/bundler/resolver.rb:344:in `block in resolve_requirement'
	from /opt/bitnami/ruby/lib/ruby/gems/1.9.1/gems/bundler-1.0.15/lib/bundler/resolver.rb:343:in `catch'
	from /opt/bitnami/ruby/lib/ruby/gems/1.9.1/gems/bundler-1.0.15/lib/bundler/resolver.rb:343:in `resolve_requirement'
	from /opt/bitnami/ruby/lib/ruby/gems/1.9.1/gems/bundler-1.0.15/lib/bundler/resolver.rb:295:in `block in resolve'
	from /opt/bitnami/ruby/lib/ruby/gems/1.9.1/gems/bundler-1.0.15/lib/bundler/resolver.rb:294:in `reverse_each'
	from /opt/bitnami/ruby/lib/ruby/gems/1.9.1/gems/bundler-1.0.15/lib/bundler/resolver.rb:294:in `resolve'
	from /opt/bitnami/ruby/lib/ruby/gems/1.9.1/gems/bundler-1.0.15/lib/bundler/resolver.rb:344:in `block in resolve_requirement'
	from /opt/bitnami/ruby/lib/ruby/gems/1.9.1/gems/bundler-1.0.15/lib/bundler/resolver.rb:343:in `catch'
	from /opt/bitnami/ruby/lib/ruby/gems/1.9.1/gems/bundler-1.0.15/lib/bundler/resolver.rb:343:in `resolve_requirement'
	from /opt/bitnami/ruby/lib/ruby/gems/1.9.1/gems/bundler-1.0.15/lib/bundler/resolver.rb:295:in `block in resolve'
	from /opt/bitnami/ruby/lib/ruby/gems/1.9.1/gems/bundler-1.0.15/lib/bundler/resolver.rb:294:in `reverse_each'
	from /opt/bitnami/ruby/lib/ruby/gems/1.9.1/gems/bundler-1.0.15/lib/bundler/resolver.rb:294:in `resolve'
	from /opt/bitnami/ruby/lib/ruby/gems/1.9.1/gems/bundler-1.0.15/lib/bundler/resolver.rb:344:in `block in resolve_requirement'
	from /opt/bitnami/ruby/lib/ruby/gems/1.9.1/gems/bundler-1.0.15/lib/bundler/resolver.rb:343:in `catch'
	from /opt/bitnami/ruby/lib/ruby/gems/1.9.1/gems/bundler-1.0.15/lib/bundler/resolver.rb:343:in `resolve_requirement'
	from /opt/bitnami/ruby/lib/ruby/gems/1.9.1/gems/bundler-1.0.15/lib/bundler/resolver.rb:295:in `block in resolve'
	from /opt/bitnami/ruby/lib/ruby/gems/1.9.1/gems/bundler-1.0.15/lib/bundler/resolver.rb:294:in `reverse_each'
	from /opt/bitnami/ruby/lib/ruby/gems/1.9.1/gems/bundler-1.0.15/lib/bundler/resolver.rb:294:in `resolve'
	from /opt/bitnami/ruby/lib/ruby/gems/1.9.1/gems/bundler-1.0.15/lib/bundler/resolver.rb:344:in `block in resolve_requirement'
	from /opt/bitnami/ruby/lib/ruby/gems/1.9.1/gems/bundler-1.0.15/lib/bundler/resolver.rb:343:in `catch'
	from /opt/bitnami/ruby/lib/ruby/gems/1.9.1/gems/bundler-1.0.15/lib/bundler/resolver.rb:343:in `resolve_requirement'
	from /opt/bitnami/ruby/lib/ruby/gems/1.9.1/gems/bundler-1.0.15/lib/bundler/resolver.rb:295:in `block in resolve'
	from /opt/bitnami/ruby/lib/ruby/gems/1.9.1/gems/bundler-1.0.15/lib/bundler/resolver.rb:294:in `reverse_each'
	from /opt/bitnami/ruby/lib/ruby/gems/1.9.1/gems/bundler-1.0.15/lib/bundler/resolver.rb:294:in `resolve'
	from /opt/bitnami/ruby/lib/ruby/gems/1.9.1/gems/bundler-1.0.15/lib/bundler/resolver.rb:344:in `block in resolve_requirement'
	from /opt/bitnami/ruby/lib/ruby/gems/1.9.1/gems/bundler-1.0.15/lib/bundler/resolver.rb:343:in `catch'
	from /opt/bitnami/ruby/lib/ruby/gems/1.9.1/gems/bundler-1.0.15/lib/bundler/resolver.rb:343:in `resolve_requirement'
	from /opt/bitnami/ruby/lib/ruby/gems/1.9.1/gems/bundler-1.0.15/lib/bundler/resolver.rb:295:in `block in resolve'
	from /opt/bitnami/ruby/lib/ruby/gems/1.9.1/gems/bundler-1.0.15/lib/bundler/resolver.rb:294:in `reverse_each'
	from /opt/bitnami/ruby/lib/ruby/gems/1.9.1/gems/bundler-1.0.15/lib/bundler/resolver.rb:294:in `resolve'
	from /opt/bitnami/ruby/lib/ruby/gems/1.9.1/gems/bundler-1.0.15/lib/bundler/resolver.rb:344:in `block in resolve_requirement'
	from /opt/bitnami/ruby/lib/ruby/gems/1.9.1/gems/bundler-1.0.15/lib/bundler/resolver.rb:343:in `catch'
	from /opt/bitnami/ruby/lib/ruby/gems/1.9.1/gems/bundler-1.0.15/lib/bundler/resolver.rb:343:in `resolve_requirement'
	from /opt/bitnami/ruby/lib/ruby/gems/1.9.1/gems/bundler-1.0.15/lib/bundler/resolver.rb:295:in `block in resolve'
	from /opt/bitnami/ruby/lib/ruby/gems/1.9.1/gems/bundler-1.0.15/lib/bundler/resolver.rb:294:in `reverse_each'
	from /opt/bitnami/ruby/lib/ruby/gems/1.9.1/gems/bundler-1.0.15/lib/bundler/resolver.rb:294:in `resolve'
	from /opt/bitnami/ruby/lib/ruby/gems/1.9.1/gems/bundler-1.0.15/lib/bundler/resolver.rb:160:in `start'
	from /opt/bitnami/ruby/lib/ruby/gems/1.9.1/gems/bundler-1.0.15/lib/bundler/resolver.rb:128:in `block in resolve'
	from /opt/bitnami/ruby/lib/ruby/gems/1.9.1/gems/bundler-1.0.15/lib/bundler/resolver.rb:127:in `catch'
	from /opt/bitnami/ruby/lib/ruby/gems/1.9.1/gems/bundler-1.0.15/lib/bundler/resolver.rb:127:in `resolve'
	from /opt/bitnami/ruby/lib/ruby/gems/1.9.1/gems/bundler-1.0.15/lib/bundler/definition.rb:151:in `resolve'
	from /opt/bitnami/ruby/lib/ruby/gems/1.9.1/gems/bundler-1.0.15/lib/bundler/definition.rb:90:in `specs'
	from /opt/bitnami/ruby/lib/ruby/gems/1.9.1/gems/bundler-1.0.15/lib/bundler/definition.rb:85:in `resolve_remotely!'
	from /opt/bitnami/ruby/lib/ruby/gems/1.9.1/gems/bundler-1.0.15/lib/bundler/installer.rb:43:in `run'
	from /opt/bitnami/ruby/lib/ruby/gems/1.9.1/gems/bundler-1.0.15/lib/bundler/installer.rb:8:in `install'
	from /opt/bitnami/ruby/lib/ruby/gems/1.9.1/gems/bundler-1.0.15/lib/bundler/cli.rb:222:in `install'
	from /opt/bitnami/ruby/lib/ruby/gems/1.9.1/gems/bundler-1.0.15/lib/bundler/vendor/thor/task.rb:22:in `run'
	from /opt/bitnami/ruby/lib/ruby/gems/1.9.1/gems/bundler-1.0.15/lib/bundler/vendor/thor/invocation.rb:118:in `invoke_task'
	from /opt/bitnami/ruby/lib/ruby/gems/1.9.1/gems/bundler-1.0.15/lib/bundler/vendor/thor.rb:246:in `dispatch'
	from /opt/bitnami/ruby/lib/ruby/gems/1.9.1/gems/bundler-1.0.15/lib/bundler/vendor/thor/base.rb:389:in `start'
	from /opt/bitnami/ruby/lib/ruby/gems/1.9.1/gems/bundler-1.0.15/bin/bundle:13:in `<top (required)>'
	from /opt/bitnami/ruby/bin/bundle:19:in `load'
	from /opt/bitnami/ruby/bin/bundle:19:in `<main>'
